<?xml version="1.0" encoding="UTF-8"?>
<!-- Generated by org.testng.reporters.JUnitReportReporter -->
<testsuite hostname="DESKTOP-NJTSLK5" failures="0" tests="4" name="TestCases.LoginPageTest" time="46.048" errors="0" timestamp="2022-10-21T10:51:22 IST" skipped="1">
  <testcase classname="TestCases.LoginPageTest" name="loginToApp1Test" time="16.536"/>
  <system-out/>
  <testcase classname="TestCases.LoginPageTest" name="verifyUrlTest" time="5.494"/>
  <system-out/>
  <testcase classname="TestCases.LoginPageTest" name="verifyTitleTest" time="24.018"/>
  <system-out/>
  <testcase classname="TestCases.LoginPageTest" name="loginToApp2Test">
    <skipped/>
  </testcase> <!-- loginToApp2Test -->
  <system-out/>
</testsuite> <!-- TestCases.LoginPageTest -->
