<?xml version="1.0" encoding="UTF-8"?>
<!-- Generated by org.testng.reporters.JUnitReportReporter -->
<testsuite hostname="DESKTOP-NJTSLK5" failures="0" tests="4" name="TestCases.ParallelTest" time="150.663" errors="0" timestamp="2022-10-21T10:54:38 IST" skipped="0">
  <testcase classname="TestCases.ParallelTest" name="openFaceBook" time="44.951"/>
  <system-out/>
  <testcase classname="TestCases.ParallelTest" name="openGoogle" time="16.007"/>
  <system-out/>
  <testcase classname="TestCases.ParallelTest" name="openRediff" time="72.645"/>
  <system-out/>
  <testcase classname="TestCases.ParallelTest" name="openSauceLab" time="17.060"/>
  <system-out/>
</testsuite> <!-- TestCases.ParallelTest -->
