<?xml version="1.0" encoding="UTF-8"?>
<!-- Generated by org.testng.reporters.JUnitReportReporter -->
<testsuite hostname="DESKTOP-NJTSLK5" failures="0" tests="2" name="TestCases.GroupTest" time="1351.848" errors="0" timestamp="2022-11-05T21:10:47 IST" skipped="0">
  <testcase classname="TestCases.GroupTest" name="verifyUrlTest" time="1316.464"/>
  <system-out/>
  <testcase classname="TestCases.GroupTest" name="loginToApp2Test" time="35.384"/>
  <system-out/>
</testsuite> <!-- TestCases.GroupTest -->
