<?xml version="1.0" encoding="UTF-8"?>
<!-- Generated by org.testng.reporters.JUnitReportReporter -->
<testsuite hostname="DESKTOP-NJTSLK5" failures="0" tests="6" name="TestCases.InventaryPageTest" time="6.068" errors="0" timestamp="2022-10-20T11:36:56 IST" skipped="5">
  <testcase classname="TestCases.InventaryPageTest" name="verifySmallLogoTest" time="6.068"/>
  <system-out/>
  <testcase classname="TestCases.InventaryPageTest" name="verifylinkdeinLogoTest">
    <skipped/>
  </testcase> <!-- verifylinkdeinLogoTest -->
  <system-out/>
  <testcase classname="TestCases.InventaryPageTest" name="verifytwitterLogoTest">
    <skipped/>
  </testcase> <!-- verifytwitterLogoTest -->
  <system-out/>
  <testcase classname="TestCases.InventaryPageTest" name="add6ProductTest">
    <skipped/>
  </testcase> <!-- add6ProductTest -->
  <system-out/>
  <testcase classname="TestCases.InventaryPageTest" name="verifyBigLogoTest">
    <skipped/>
  </testcase> <!-- verifyBigLogoTest -->
  <system-out/>
  <testcase classname="TestCases.InventaryPageTest" name="verifyfaceBookLogoTest">
    <skipped/>
  </testcase> <!-- verifyfaceBookLogoTest -->
  <system-out/>
</testsuite> <!-- TestCases.InventaryPageTest -->
